<?xml version="1.0" encoding="UTF-8"?>
<!-- Generated by org.testng.reporters.JUnitReportReporter -->
<testsuite hostname="user25" failures="0" tests="2" name="runners.RunnerPage" time="18.476" errors="0" timestamp="2024-11-19T08:25:48 IST" skipped="0">
  <testcase classname="runners.RunnerPage" name="runScenario" time="7.148"/>
  <testcase classname="runners.RunnerPage" name="runScenario" time="11.328"/>
</testsuite> <!-- runners.RunnerPage -->
